<?xml version="1.0" encoding="UTF-8"?>
<!-- Generated by org.testng.reporters.JUnitReportReporter -->
<testsuite hostname="PLNPWM16572823" name="TestScript.Scenario1" tests="3" failures="0" timestamp="25 Jul 2019 20:50:44 GMT" time="59.662" errors="0">
  <testcase name="test1" time="3.880" classname="TestScript.Scenario1"/>
  <testcase name="test3" time="13.616" classname="TestScript.Scenario1"/>
  <testcase name="test2" time="42.166" classname="TestScript.Scenario1"/>
</testsuite> <!-- TestScript.Scenario1 -->
